[2024-03-16T10:10:08.685+0000][0.100s] Using G1
[2024-03-16T10:10:08.791+0000][0.205s] Version: 17.0.10+7 (release)
[2024-03-16T10:10:08.791+0000][0.205s] CPUs: 12 total, 12 available
[2024-03-16T10:10:08.791+0000][0.206s] Memory: 12660M
[2024-03-16T10:10:08.792+0000][0.206s] Large Page Support: Disabled
[2024-03-16T10:10:08.792+0000][0.206s] NUMA Support: Disabled
[2024-03-16T10:10:08.792+0000][0.206s] Compressed Oops: Enabled (32-bit)
[2024-03-16T10:10:08.792+0000][0.206s] Heap Region Size: 1M
[2024-03-16T10:10:08.792+0000][0.207s] Heap Min Capacity: 512M
[2024-03-16T10:10:08.793+0000][0.207s] Heap Initial Capacity: 512M
[2024-03-16T10:10:08.793+0000][0.208s] Heap Max Capacity: 512M
[2024-03-16T10:10:08.794+0000][0.208s] Pre-touch: Enabled
[2024-03-16T10:10:08.795+0000][0.209s] Parallel Workers: 10
[2024-03-16T10:10:08.795+0000][0.209s] Concurrent Workers: 3
[2024-03-16T10:10:08.795+0000][0.210s] Concurrent Refinement Workers: 10
[2024-03-16T10:10:08.795+0000][0.210s] Periodic GC: Disabled
[2024-03-16T10:10:08.805+0000][0.220s] CDS archive(s) mapped at: [0x00007f0187000000-0x00007f0187a5f000-0x00007f0187a5f000), size 10874880, SharedBaseAddress: 0x00007f0187000000, ArchiveRelocationMode: 1.
[2024-03-16T10:10:08.806+0000][0.220s] Compressed class space mapped at: 0x00007f0188000000-0x00007f01c8000000, reserved size: 1073741824
[2024-03-16T10:10:08.806+0000][0.220s] Narrow klass base: 0x00007f0187000000, Narrow klass shift: 0, Narrow klass range: 0x100000000
[2024-03-16T10:10:10.399+0000][1.813s] GC(0) Pause Young (Normal) (G1 Evacuation Pause)
[2024-03-16T10:10:10.399+0000][1.814s] GC(0) Using 10 workers of 10 for evacuation
[2024-03-16T10:10:10.405+0000][1.820s] GC(0)   Pre Evacuate Collection Set: 0.2ms
[2024-03-16T10:10:10.406+0000][1.820s] GC(0)   Merge Heap Roots: 0.1ms
[2024-03-16T10:10:10.406+0000][1.820s] GC(0)   Evacuate Collection Set: 4.3ms
[2024-03-16T10:10:10.406+0000][1.820s] GC(0)   Post Evacuate Collection Set: 1.0ms
[2024-03-16T10:10:10.406+0000][1.821s] GC(0)   Other: 0.6ms
[2024-03-16T10:10:10.407+0000][1.821s] GC(0) Eden regions: 29->0(57)
[2024-03-16T10:10:10.407+0000][1.821s] GC(0) Survivor regions: 0->4(4)
[2024-03-16T10:10:10.407+0000][1.821s] GC(0) Old regions: 0->1
[2024-03-16T10:10:10.407+0000][1.821s] GC(0) Archive regions: 2->2
[2024-03-16T10:10:10.407+0000][1.822s] GC(0) Humongous regions: 0->0
[2024-03-16T10:10:10.408+0000][1.822s] GC(0) Metaspace: 10149K(10432K)->10149K(10432K) NonClass: 8888K(9024K)->8888K(9024K) Class: 1261K(1408K)->1261K(1408K)
[2024-03-16T10:10:10.408+0000][1.822s] GC(0) Pause Young (Normal) (G1 Evacuation Pause) 29M->5M(512M) 8.634ms
[2024-03-16T10:10:10.408+0000][1.822s] GC(0) User=0.05s Sys=0.00s Real=0.01s
[2024-03-16T10:10:11.468+0000][2.882s] GC(1) Pause Young (Normal) (G1 Evacuation Pause)
[2024-03-16T10:10:11.468+0000][2.883s] GC(1) Using 10 workers of 10 for evacuation
[2024-03-16T10:10:11.478+0000][2.893s] GC(1)   Pre Evacuate Collection Set: 0.2ms
[2024-03-16T10:10:11.479+0000][2.893s] GC(1)   Merge Heap Roots: 0.2ms
[2024-03-16T10:10:11.479+0000][2.893s] GC(1)   Evacuate Collection Set: 8.3ms
[2024-03-16T10:10:11.479+0000][2.894s] GC(1)   Post Evacuate Collection Set: 1.1ms
[2024-03-16T10:10:11.479+0000][2.894s] GC(1)   Other: 0.7ms
[2024-03-16T10:10:11.480+0000][2.894s] GC(1) Eden regions: 57->0(66)
[2024-03-16T10:10:11.480+0000][2.894s] GC(1) Survivor regions: 4->8(8)
[2024-03-16T10:10:11.480+0000][2.894s] GC(1) Old regions: 1->10
[2024-03-16T10:10:11.480+0000][2.895s] GC(1) Archive regions: 2->2
[2024-03-16T10:10:11.480+0000][2.895s] GC(1) Humongous regions: 4->4
[2024-03-16T10:10:11.481+0000][2.895s] GC(1) Metaspace: 17934K(18176K)->17934K(18176K) NonClass: 15718K(15872K)->15718K(15872K) Class: 2215K(2304K)->2215K(2304K)
[2024-03-16T10:10:11.481+0000][2.895s] GC(1) Pause Young (Normal) (G1 Evacuation Pause) 66M->21M(512M) 12.901ms
[2024-03-16T10:10:11.481+0000][2.895s] GC(1) User=0.08s Sys=0.00s Real=0.01s
[2024-03-16T10:10:11.998+0000][3.413s] GC(2) Pause Young (Concurrent Start) (Metadata GC Threshold)
[2024-03-16T10:10:11.999+0000][3.413s] GC(2) Using 10 workers of 10 for evacuation
[2024-03-16T10:10:12.006+0000][3.421s] GC(2)   Pre Evacuate Collection Set: 0.2ms
[2024-03-16T10:10:12.007+0000][3.421s] GC(2)   Merge Heap Roots: 0.2ms
[2024-03-16T10:10:12.007+0000][3.421s] GC(2)   Evacuate Collection Set: 5.5ms
[2024-03-16T10:10:12.007+0000][3.422s] GC(2)   Post Evacuate Collection Set: 1.0ms
[2024-03-16T10:10:12.007+0000][3.422s] GC(2)   Other: 1.0ms
[2024-03-16T10:10:12.008+0000][3.422s] GC(2) Eden regions: 28->0(77)
[2024-03-16T10:10:12.008+0000][3.422s] GC(2) Survivor regions: 8->2(9)
[2024-03-16T10:10:12.008+0000][3.422s] GC(2) Old regions: 10->19
[2024-03-16T10:10:12.008+0000][3.423s] GC(2) Archive regions: 2->2
[2024-03-16T10:10:12.008+0000][3.423s] GC(2) Humongous regions: 4->4
[2024-03-16T10:10:12.009+0000][3.423s] GC(2) Metaspace: 21183K(21504K)->21183K(21504K) NonClass: 18565K(18688K)->18565K(18688K) Class: 2618K(2816K)->2618K(2816K)
[2024-03-16T10:10:12.009+0000][3.423s] GC(2) Pause Young (Concurrent Start) (Metadata GC Threshold) 49M->24M(512M) 10.481ms
[2024-03-16T10:10:12.009+0000][3.424s] GC(2) User=0.07s Sys=0.00s Real=0.01s
[2024-03-16T10:10:12.009+0000][3.424s] GC(3) Concurrent Mark Cycle
[2024-03-16T10:10:12.010+0000][3.424s] GC(3) Concurrent Clear Claimed Marks
[2024-03-16T10:10:12.010+0000][3.424s] GC(3) Concurrent Clear Claimed Marks 0.239ms
[2024-03-16T10:10:12.010+0000][3.424s] GC(3) Concurrent Scan Root Regions
[2024-03-16T10:10:12.013+0000][3.427s] GC(3) Concurrent Scan Root Regions 2.908ms
[2024-03-16T10:10:12.014+0000][3.428s] GC(3) Concurrent Mark
[2024-03-16T10:10:12.014+0000][3.428s] GC(3) Concurrent Mark From Roots
[2024-03-16T10:10:12.014+0000][3.429s] GC(3) Using 3 workers of 3 for marking
[2024-03-16T10:10:12.025+0000][3.439s] GC(3) Concurrent Mark From Roots 11.027ms
[2024-03-16T10:10:12.026+0000][3.440s] GC(3) Concurrent Preclean
[2024-03-16T10:10:12.026+0000][3.440s] GC(3) Concurrent Preclean 0.427ms
[2024-03-16T10:10:12.026+0000][3.441s] GC(3) Pause Remark
[2024-03-16T10:10:12.030+0000][3.444s] GC(3) Pause Remark 25M->25M(512M) 3.258ms
[2024-03-16T10:10:12.030+0000][3.444s] GC(3) User=0.01s Sys=0.00s Real=0.00s
[2024-03-16T10:10:12.030+0000][3.445s] GC(3) Concurrent Mark 16.887ms
[2024-03-16T10:10:12.031+0000][3.445s] GC(3) Concurrent Rebuild Remembered Sets
[2024-03-16T10:10:12.037+0000][3.452s] GC(3) Concurrent Rebuild Remembered Sets 6.542ms
[2024-03-16T10:10:12.038+0000][3.452s] GC(3) Pause Cleanup
[2024-03-16T10:10:12.039+0000][3.453s] GC(3) Pause Cleanup 26M->26M(512M) 0.594ms
[2024-03-16T10:10:12.039+0000][3.453s] GC(3) User=0.00s Sys=0.00s Real=0.00s
[2024-03-16T10:10:12.039+0000][3.453s] GC(3) Concurrent Cleanup for Next Mark
[2024-03-16T10:10:12.040+0000][3.454s] GC(3) Concurrent Cleanup for Next Mark 0.842ms
[2024-03-16T10:10:12.040+0000][3.455s] GC(3) Concurrent Mark Cycle 31.041ms
[2024-03-16T10:10:13.692+0000][5.106s] GC(4) Pause Young (Normal) (G1 Evacuation Pause)
[2024-03-16T10:10:13.693+0000][5.107s] GC(4) Using 10 workers of 10 for evacuation
[2024-03-16T10:10:13.706+0000][5.120s] GC(4)   Pre Evacuate Collection Set: 0.2ms
[2024-03-16T10:10:13.712+0000][5.127s] GC(4)   Merge Heap Roots: 0.1ms
[2024-03-16T10:10:13.713+0000][5.127s] GC(4)   Evacuate Collection Set: 8.4ms
[2024-03-16T10:10:13.713+0000][5.127s] GC(4)   Post Evacuate Collection Set: 3.8ms
[2024-03-16T10:10:13.713+0000][5.128s] GC(4)   Other: 1.0ms
[2024-03-16T10:10:13.713+0000][5.128s] GC(4) Eden regions: 77->0(300)
[2024-03-16T10:10:13.714+0000][5.128s] GC(4) Survivor regions: 2->7(10)
[2024-03-16T10:10:13.714+0000][5.128s] GC(4) Old regions: 19->19
[2024-03-16T10:10:13.714+0000][5.128s] GC(4) Archive regions: 2->2
[2024-03-16T10:10:13.714+0000][5.129s] GC(4) Humongous regions: 4->4
[2024-03-16T10:10:13.715+0000][5.129s] GC(4) Metaspace: 34472K(34816K)->34472K(34816K) NonClass: 30148K(30336K)->30148K(30336K) Class: 4324K(4480K)->4324K(4480K)
[2024-03-16T10:10:13.715+0000][5.129s] GC(4) Pause Young (Normal) (G1 Evacuation Pause) 101M->29M(512M) 22.715ms
[2024-03-16T10:10:13.715+0000][5.129s] GC(4) User=0.06s Sys=0.02s Real=0.02s
[2024-03-16T10:10:14.044+0000][5.458s] GC(5) Pause Young (Concurrent Start) (Metadata GC Threshold)
[2024-03-16T10:10:14.044+0000][5.459s] GC(5) Using 10 workers of 10 for evacuation
[2024-03-16T10:10:14.053+0000][5.467s] GC(5)   Pre Evacuate Collection Set: 0.3ms
[2024-03-16T10:10:14.053+0000][5.467s] GC(5)   Merge Heap Roots: 0.2ms
[2024-03-16T10:10:14.053+0000][5.468s] GC(5)   Evacuate Collection Set: 6.2ms
[2024-03-16T10:10:14.054+0000][5.468s] GC(5)   Post Evacuate Collection Set: 1.1ms
[2024-03-16T10:10:14.054+0000][5.468s] GC(5)   Other: 0.8ms
[2024-03-16T10:10:14.054+0000][5.468s] GC(5) Eden regions: 10->0(299)
[2024-03-16T10:10:14.054+0000][5.469s] GC(5) Survivor regions: 7->8(39)
[2024-03-16T10:10:14.054+0000][5.469s] GC(5) Old regions: 19->19
[2024-03-16T10:10:14.055+0000][5.469s] GC(5) Archive regions: 2->2
[2024-03-16T10:10:14.055+0000][5.469s] GC(5) Humongous regions: 4->4
[2024-03-16T10:10:14.055+0000][5.469s] GC(5) Metaspace: 35774K(36160K)->35774K(36160K) NonClass: 31266K(31424K)->31266K(31424K) Class: 4508K(4736K)->4508K(4736K)
[2024-03-16T10:10:14.055+0000][5.470s] GC(5) Pause Young (Concurrent Start) (Metadata GC Threshold) 39M->30M(512M) 11.410ms
[2024-03-16T10:10:14.055+0000][5.470s] GC(5) User=0.04s Sys=0.01s Real=0.01s
[2024-03-16T10:10:14.056+0000][5.470s] GC(6) Concurrent Mark Cycle
[2024-03-16T10:10:14.056+0000][5.470s] GC(6) Concurrent Clear Claimed Marks
[2024-03-16T10:10:14.056+0000][5.471s] GC(6) Concurrent Clear Claimed Marks 0.263ms
[2024-03-16T10:10:14.056+0000][5.471s] GC(6) Concurrent Scan Root Regions
[2024-03-16T10:10:14.062+0000][5.476s] GC(6) Concurrent Scan Root Regions 5.249ms
[2024-03-16T10:10:14.062+0000][5.476s] GC(6) Concurrent Mark
[2024-03-16T10:10:14.062+0000][5.477s] GC(6) Concurrent Mark From Roots
[2024-03-16T10:10:14.063+0000][5.477s] GC(6) Using 3 workers of 3 for marking
[2024-03-16T10:10:14.078+0000][5.492s] GC(6) Concurrent Mark From Roots 15.239ms
[2024-03-16T10:10:14.078+0000][5.492s] GC(6) Concurrent Preclean
[2024-03-16T10:10:14.078+0000][5.493s] GC(6) Concurrent Preclean 0.642ms
[2024-03-16T10:10:14.079+0000][5.493s] GC(6) Pause Remark
[2024-03-16T10:10:14.083+0000][5.498s] GC(6) Pause Remark 32M->32M(512M) 4.353ms
[2024-03-16T10:10:14.084+0000][5.498s] GC(6) User=0.01s Sys=0.00s Real=0.01s
[2024-03-16T10:10:14.084+0000][5.499s] GC(6) Concurrent Mark 22.385ms
[2024-03-16T10:10:14.085+0000][5.499s] GC(6) Concurrent Rebuild Remembered Sets
[2024-03-16T10:10:14.093+0000][5.507s] GC(6) Concurrent Rebuild Remembered Sets 7.941ms
[2024-03-16T10:10:14.093+0000][5.508s] GC(6) Pause Cleanup
[2024-03-16T10:10:14.094+0000][5.508s] GC(6) Pause Cleanup 32M->32M(512M) 0.672ms
[2024-03-16T10:10:14.094+0000][5.509s] GC(6) User=0.01s Sys=0.00s Real=0.00s
[2024-03-16T10:10:14.095+0000][5.509s] GC(6) Concurrent Cleanup for Next Mark
[2024-03-16T10:10:14.096+0000][5.510s] GC(6) Concurrent Cleanup for Next Mark 1.159ms
[2024-03-16T10:10:14.097+0000][5.511s] GC(6) Concurrent Mark Cycle 41.041ms
